d:\programming\c++\sf_firebase\dependencies\imgui\bin\debug-win32\imgui.pdb
d:\programming\c++\sf_firebase\dependencies\imgui\bin\debug-win32\imgui.idb
d:\programming\c++\sf_firebase\dependencies\imgui\bin-int\debug-win32\imgui_widgets.obj
d:\programming\c++\sf_firebase\dependencies\imgui\bin-int\debug-win32\imgui_tables.obj
d:\programming\c++\sf_firebase\dependencies\imgui\bin-int\debug-win32\imgui_draw.obj
d:\programming\c++\sf_firebase\dependencies\imgui\bin-int\debug-win32\imgui_demo.obj
d:\programming\c++\sf_firebase\dependencies\imgui\bin-int\debug-win32\imgui.obj
d:\programming\c++\sf_firebase\dependencies\imgui\bin-int\debug-win32\imgui-sfml.obj
d:\programming\c++\sf_firebase\dependencies\imgui\bin\debug-win32\imgui.lib
d:\programming\c++\sfml_imgui_template\dependencies\imgui\bin-int\debug-win32\imgui-sfml.obj
d:\programming\c++\sfml_imgui_template\dependencies\imgui\bin-int\debug-win32\imgui.obj
d:\programming\c++\sfml_imgui_template\dependencies\imgui\bin-int\debug-win32\imgui_demo.obj
d:\programming\c++\sfml_imgui_template\dependencies\imgui\bin-int\debug-win32\imgui_draw.obj
d:\programming\c++\sfml_imgui_template\dependencies\imgui\bin-int\debug-win32\imgui_tables.obj
d:\programming\c++\sfml_imgui_template\dependencies\imgui\bin-int\debug-win32\imgui_widgets.obj
d:\programming\c++\sfml_imgui_template\dependencies\imgui\bin\debug-win32\imgui.pdb
d:\programming\c++\sfml_imgui_template\dependencies\imgui\bin\debug-win32\imgui.lib
d:\programming\c++\sfml_imgui_template\dependencies\imgui\bin-int\debug-win32\imgui.vcxproj.filelistabsolute.txt
d:\programming\c++\sfml_imgui_template\dependencies\imgui\bin-int\debug-win32\imgui.tlog\cl.command.1.tlog
d:\programming\c++\sfml_imgui_template\dependencies\imgui\bin-int\debug-win32\imgui.tlog\cl.items.tlog
d:\programming\c++\sfml_imgui_template\dependencies\imgui\bin-int\debug-win32\imgui.tlog\cl.read.1.tlog
d:\programming\c++\sfml_imgui_template\dependencies\imgui\bin-int\debug-win32\imgui.tlog\cl.write.1.tlog
d:\programming\c++\sfml_imgui_template\dependencies\imgui\bin-int\debug-win32\imgui.tlog\lib-link.read.1.tlog
d:\programming\c++\sfml_imgui_template\dependencies\imgui\bin-int\debug-win32\imgui.tlog\lib-link.write.1.tlog
d:\programming\c++\sfml_imgui_template\dependencies\imgui\bin-int\debug-win32\imgui.tlog\lib.command.1.tlog
